app/build/outputs/logs/manifest-merger-debug-report.txt
-- Merging decision tree log ---
manifest
ADDED from AndroidManifest.xml:2:1
	xmlns:android
		ADDED from AndroidManifest.xml:2:11
	package
		ADDED from AndroidManifest.xml:3:4
		INJECTED from AndroidManifest.xml:0:0
		INJECTED from AndroidManifest.xml:0:0
	android:versionName
		ADDED from AndroidManifest.xml:5:4
	android:versionCode
		ADDED from AndroidManifest.xml:4:4
		INJECTED from AndroidManifest.xml:0:0
		INJECTED from AndroidManifest.xml:0:0
	android:installLocation
		ADDED from AndroidManifest.xml:6:4
application
ADDED from AndroidManifest.xml:7:2
	android:label
		ADDED from AndroidManifest.xml:7:15
	android:allowBackup
		ADDED from AndroidManifest.xml:9:6
	android:icon
		ADDED from AndroidManifest.xml:8:6
	android:theme
		ADDED from AndroidManifest.xml:10:6
activity#org.cups.android.MainActivity
ADDED from AndroidManifest.xml:12:3
	android:label
		ADDED from AndroidManifest.xml:13:7
	android:exported
		ADDED from AndroidManifest.xml:15:7
	android:name
		ADDED from AndroidManifest.xml:12:13
	android:launchMode
		ADDED from AndroidManifest.xml:14:7
intent-filter#android.intent.action.MAIN+android.intent.category.LAUNCHER
ADDED from AndroidManifest.xml:16:4
action#android.intent.action.MAIN
ADDED from AndroidManifest.xml:17:5
	android:name
		ADDED from AndroidManifest.xml:17:13
category#android.intent.category.LAUNCHER
ADDED from AndroidManifest.xml:18:5
	android:name
		ADDED from AndroidManifest.xml:18:15
activity#org.cups.android.AdvancedPrintOptionsActivity
ADDED from AndroidManifest.xml:22:3
	android:label
		ADDED from AndroidManifest.xml:23:7
	android:theme
		ADDED from AndroidManifest.xml:25:7
	android:exported
		ADDED from AndroidManifest.xml:24:7
	android:name
		ADDED from AndroidManifest.xml:22:13
activity#org.cups.android.AddPrinterActivity
ADDED from AndroidManifest.xml:28:3
	android:label
		ADDED from AndroidManifest.xml:29:7
	android:exported
		ADDED from AndroidManifest.xml:30:7
	android:name
		ADDED from AndroidManifest.xml:28:13
intent-filter#android.intent.action.VIEW+android.intent.category.BROWSABLE+android.intent.category.DEFAULT
ADDED from AndroidManifest.xml:31:4
action#android.intent.action.VIEW
ADDED from AndroidManifest.xml:32:5
	android:name
		ADDED from AndroidManifest.xml:32:13
category#android.intent.category.DEFAULT
ADDED from AndroidManifest.xml:33:5
	android:name
		ADDED from AndroidManifest.xml:33:15
category#android.intent.category.BROWSABLE
ADDED from AndroidManifest.xml:34:5
	android:name
		ADDED from AndroidManifest.xml:34:15
data
ADDED from AndroidManifest.xml:35:5
	android:host
		ADDED from AndroidManifest.xml:35:55
	android:scheme
		ADDED from AndroidManifest.xml:35:11
activity#org.cups.android.SharePrinterActivity
ADDED from AndroidManifest.xml:39:3
	android:label
		ADDED from AndroidManifest.xml:40:7
	android:exported
		ADDED from AndroidManifest.xml:41:7
	android:name
		ADDED from AndroidManifest.xml:39:13
service#org.cups.android.CupsPrintService
ADDED from AndroidManifest.xml:44:3
	android:exported
		ADDED from AndroidManifest.xml:46:9
	android:permission
		ADDED from AndroidManifest.xml:45:9
	android:name
		ADDED from AndroidManifest.xml:44:12
intent-filter#android.printservice.PrintService
ADDED from AndroidManifest.xml:47:4
action#android.printservice.PrintService
ADDED from AndroidManifest.xml:48:5
	android:name
		ADDED from AndroidManifest.xml:48:13
meta-data#android.printservice
ADDED from AndroidManifest.xml:50:4
	android:resource
		ADDED from AndroidManifest.xml:50:51
	android:name
		ADDED from AndroidManifest.xml:50:15
uses-sdk
ADDED from AndroidManifest.xml:55:2
	android:targetSdkVersion
		ADDED from AndroidManifest.xml:55:39
		INJECTED from AndroidManifest.xml:0:0
		INJECTED from AndroidManifest.xml:0:0
	android:minSdkVersion
		ADDED from AndroidManifest.xml:55:12
		INJECTED from AndroidManifest.xml:0:0
		INJECTED from AndroidManifest.xml:0:0
uses-permission#android.permission.INTERNET
ADDED from AndroidManifest.xml:56:2
	android:name
		ADDED from AndroidManifest.xml:56:19
uses-permission#android.permission.READ_EXTERNAL_STORAGE
ADDED from AndroidManifest.xml:57:2
	android:name
		ADDED from AndroidManifest.xml:57:19
uses-feature#android.hardware.touchscreen
ADDED from AndroidManifest.xml:59:2
	android:required
		ADDED from AndroidManifest.xml:59:60
	android:name
		ADDED from AndroidManifest.xml:59:16